<?xml version='1.0' encoding='UTF-8'?>
<testsuite hostname="DESKTOP-75J9R35" name="TokenizeTest-2" tests="1" errors="0" failures="1" skipped="0" time="-0.001" timestamp="2019-08-12T15:28:18">
                     <properties>
[...]
</properties>
                     <testcase classname="TokenizeTest-2" name="inverse3" time="-0.001">
                                                 <failure message="Falsified after 14 passed tests.
&gt; ARG_0: List(&quot;&quot;, &quot;&quot;)
&gt; ARG_0_ORIGINAL: List(&quot;nuzpsE&quot;, &quot;afUpwgl&quot;, &quot;&quot;, &quot;otjtO&quot;, &quot;fwobzklOfrcgs&quot;, &quot;dxon&quot;, &quot;mglzrmadl&quot;, &quot;vp&quot;, &quot;qedkeaetip&quot;, &quot;dcajzexbicUbwU&quot;, &quot;&quot;)
&gt; ARG_1: 
&gt; ARG_1_ORIGINAL: 8" type="java.lang.Exception">java.lang.Exception: Falsified after 14 passed tests.
&gt; ARG_0: List(&quot;&quot;, &quot;&quot;)
&gt; ARG_0_ORIGINAL: List(&quot;nuzpsE&quot;, &quot;afUpwgl&quot;, &quot;&quot;, &quot;otjtO&quot;, &quot;fwobzklOfrcgs&quot;, &quot;dxon&quot;, &quot;mglzrmadl&quot;, &quot;vp&quot;, &quot;qedkeaetip&quot;, &quot;dcajzexbicUbwU&quot;, &quot;&quot;)
&gt; ARG_1: 
&gt; ARG_1_ORIGINAL: 8
	at org.scalacheck.ScalaCheckRunner$$anon$2$$anon$3.&lt;init&gt;(ScalaCheckFramework.scala:136)
	at org.scalacheck.ScalaCheckRunner$$anon$2.executeInternal(ScalaCheckFramework.scala:125)
	at org.scalacheck.ScalaCheckRunner$$anon$2.$anonfun$execute$9(ScalaCheckFramework.scala:109)
	at org.scalacheck.ScalaCheckRunner$$anon$2.$anonfun$execute$9$adapted(ScalaCheckFramework.scala:108)
	at scala.collection.IterableOnceOps.foreach(IterableOnce.scala:576)
	at scala.collection.IterableOnceOps.foreach$(IterableOnce.scala:574)
	at scala.collection.AbstractIterable.foreach(Iterable.scala:904)
	at scala.collection.IterableOps$WithFilter.foreach(Iterable.scala:874)
	at org.scalacheck.ScalaCheckRunner$$anon$2.$anonfun$execute$7(ScalaCheckFramework.scala:108)
	at org.scalacheck.ScalaCheckRunner$$anon$2.$anonfun$execute$7$adapted(ScalaCheckFramework.scala:107)
	at scala.collection.ArrayOps$.foreach$extension(ArrayOps.scala:1350)
	at org.scalacheck.ScalaCheckRunner$$anon$2.execute(ScalaCheckFramework.scala:107)
	at sbt.TestRunner.runTest$1(TestFramework.scala:113)
	at sbt.TestRunner.run(TestFramework.scala:124)
	at sbt.TestFramework$$anon$2$$anonfun$$lessinit$greater$1.$anonfun$apply$1(TestFramework.scala:282)
	at sbt.TestFramework$.sbt$TestFramework$$withContextLoader(TestFramework.scala:246)
	at sbt.TestFramework$$anon$2$$anonfun$$lessinit$greater$1.apply(TestFramework.scala:282)
	at sbt.TestFramework$$anon$2$$anonfun$$lessinit$greater$1.apply(TestFramework.scala:282)
	at sbt.TestFunction.apply(TestFramework.scala:294)
	at sbt.Tests$.$anonfun$toTask$1(Tests.scala:309)
	at sbt.std.Transform$$anon$3.$anonfun$apply$2(System.scala:46)
	at sbt.std.Transform$$anon$4.work(System.scala:67)
	at sbt.Execute.$anonfun$submit$2(Execute.scala:269)
	at sbt.internal.util.ErrorHandling$.wideConvert(ErrorHandling.scala:16)
	at sbt.Execute.work(Execute.scala:278)
	at sbt.Execute.$anonfun$submit$1(Execute.scala:269)
	at sbt.ConcurrentRestrictions$$anon$4.$anonfun$submitValid$1(ConcurrentRestrictions.scala:178)
	at sbt.CompletionService$$anon$2.call(CompletionService.scala:37)
	at java.util.concurrent.FutureTask.run(Unknown Source)
	at java.util.concurrent.Executors$RunnableAdapter.call(Unknown Source)
	at java.util.concurrent.FutureTask.run(Unknown Source)
	at java.util.concurrent.ThreadPoolExecutor.runWorker(Unknown Source)
	at java.util.concurrent.ThreadPoolExecutor$Worker.run(Unknown Source)
	at java.lang.Thread.run(Unknown Source)
</failure>
                                               </testcase>
                     <system-out><![CDATA[]]></system-out>
                     <system-err><![CDATA[]]></system-err>
                   </testsuite>